DEB [20200828-18:45:43.294] thr=1   paramiko.transport: starting thread (client mode): 0x22957910L
DEB [20200828-18:45:43.295] thr=1   paramiko.transport: Local version/idstring: SSH-2.0-paramiko_2.7.1
DEB [20200828-18:45:49.740] thr=1   paramiko.transport: Remote version/idstring: SSH-2.0-OpenSSH_7.6p1 Ubuntu-4ubuntu0.3
INF [20200828-18:45:49.741] thr=1   paramiko.transport: Connected (version 2.0, client OpenSSH_7.6p1)
DEB [20200828-18:45:50.285] thr=1   paramiko.transport: kex algos:[u'curve25519-sha256', u'curve25519-sha256@libssh.org', u'ecdh-sha2-nistp256', u'ecdh-sha2-nistp384', u'ecdh-sha2-nistp521', u'diffie-hellman-group-exchange-sha256', u'diffie-hellman-group16-sha512', u'diffie-hellman-group18-sha512', u'diffie-hellman-group14-sha256', u'diffie-hellman-group14-sha1'] server key:[u'ssh-rsa', u'rsa-sha2-512', u'rsa-sha2-256', u'ecdsa-sha2-nistp256', u'ssh-ed25519'] client encrypt:[u'chacha20-poly1305@openssh.com', u'aes128-ctr', u'aes192-ctr', u'aes256-ctr', u'aes128-gcm@openssh.com', u'aes256-gcm@openssh.com'] server encrypt:[u'chacha20-poly1305@openssh.com', u'aes128-ctr', u'aes192-ctr', u'aes256-ctr', u'aes128-gcm@openssh.com', u'aes256-gcm@openssh.com'] client mac:[u'umac-64-etm@openssh.com', u'umac-128-etm@openssh.com', u'hmac-sha2-256-etm@openssh.com', u'hmac-sha2-512-etm@openssh.com', u'hmac-sha1-etm@openssh.com', u'umac-64@openssh.com', u'umac-128@openssh.com', u'hmac-sha2-256', u'hmac-sha2-512', u'hmac-sha1'] server mac:[u'umac-64-etm@openssh.com', u'umac-128-etm@openssh.com', u'hmac-sha2-256-etm@openssh.com', u'hmac-sha2-512-etm@openssh.com', u'hmac-sha1-etm@openssh.com', u'umac-64@openssh.com', u'umac-128@openssh.com', u'hmac-sha2-256', u'hmac-sha2-512', u'hmac-sha1'] client compress:[u'none', u'zlib@openssh.com'] server compress:[u'none', u'zlib@openssh.com'] client lang:[u''] server lang:[u''] kex follows?False
DEB [20200828-18:45:50.286] thr=1   paramiko.transport: Kex agreed: curve25519-sha256@libssh.org
DEB [20200828-18:45:50.287] thr=1   paramiko.transport: HostKey agreed: ssh-ed25519
DEB [20200828-18:45:50.287] thr=1   paramiko.transport: Cipher agreed: aes128-ctr
DEB [20200828-18:45:50.287] thr=1   paramiko.transport: MAC agreed: hmac-sha2-256
DEB [20200828-18:45:50.287] thr=1   paramiko.transport: Compression agreed: none
DEB [20200828-18:45:50.832] thr=1   paramiko.transport: kex engine KexCurve25519 specified hash_algo <built-in function openssl_sha256>
DEB [20200828-18:45:50.838] thr=1   paramiko.transport: Switch to new keys ...
DEB [20200828-18:45:50.848] thr=2   paramiko.transport: Adding ssh-ed25519 host key for [192.168.31.205]:22: f1c8644b679b66554fcb278265440286
DEB [20200828-18:45:50.852] thr=2   paramiko.transport: Trying discovered key 5a60f695a76b948062effc8be6751857 in /home/koushik/.ssh/id_rsa
DEB [20200828-18:45:51.321] thr=1   paramiko.transport: userauth is OK
INF [20200828-18:45:51.680] thr=1   paramiko.transport: Authentication (publickey) successful!
DEB [20200828-18:45:51.694] thr=2   paramiko.transport: [chan 0] Max packet in: 32768 bytes
DEB [20200828-18:45:52.328] thr=1   paramiko.transport: Received global request "hostkeys-00@openssh.com"
DEB [20200828-18:45:52.328] thr=1   paramiko.transport: Rejecting "hostkeys-00@openssh.com" global request from server.
DEB [20200828-18:45:53.407] thr=1   paramiko.transport: [chan 0] Max packet out: 32768 bytes
DEB [20200828-18:45:53.408] thr=1   paramiko.transport: Secsh channel 0 opened.
DEB [20200828-18:45:54.047] thr=1   paramiko.transport: [chan 0] Sesch channel 0 request ok
INF [20200828-18:45:54.314] thr=2   paramiko.transport.sftp: [chan 0] Opened sftp connection (server version 3)
DEB [20200828-18:45:54.315] thr=2   paramiko.transport.sftp: [chan 0] stat('/media/SOUMYA/KOUSHIK/mount/DIAB/NON_ZERO_J/NEW_CODE/JTOT_1//abc.log')
DEB [20200828-18:45:54.451] thr=2   paramiko.transport.sftp: [chan 0] open('/media/SOUMYA/KOUSHIK/mount/DIAB/NON_ZERO_J/NEW_CODE/JTOT_1//abc.log', 'rb')
DEB [20200828-18:45:55.053] thr=2   paramiko.transport.sftp: [chan 0] open('/media/SOUMYA/KOUSHIK/mount/DIAB/NON_ZERO_J/NEW_CODE/JTOT_1//abc.log', 'rb') -> 00000000
DEB [20200828-18:48:19.195] thr=2   paramiko.transport.sftp: [chan 0] close(00000000)
INF [20200828-18:48:20.108] thr=2   paramiko.transport.sftp: [chan 0] sftp session closed.
DEB [20200828-18:48:20.109] thr=2   paramiko.transport: [chan 0] EOF sent (0)
DEB [20200828-18:48:20.515] thr=1   paramiko.transport: [chan 0] EOF received (0)
DEB [20200828-18:48:23.767] thr=1   paramiko.transport: EOF in transport thread
DEB [20200828-18:55:32.914] thr=1   paramiko.transport: starting thread (client mode): 0xef7d6950L
DEB [20200828-18:55:32.915] thr=1   paramiko.transport: Local version/idstring: SSH-2.0-paramiko_2.7.1
DEB [20200828-18:55:38.149] thr=1   paramiko.transport: Remote version/idstring: SSH-2.0-OpenSSH_7.6p1 Ubuntu-4ubuntu0.3
INF [20200828-18:55:38.149] thr=1   paramiko.transport: Connected (version 2.0, client OpenSSH_7.6p1)
DEB [20200828-18:55:38.596] thr=1   paramiko.transport: kex algos:[u'curve25519-sha256', u'curve25519-sha256@libssh.org', u'ecdh-sha2-nistp256', u'ecdh-sha2-nistp384', u'ecdh-sha2-nistp521', u'diffie-hellman-group-exchange-sha256', u'diffie-hellman-group16-sha512', u'diffie-hellman-group18-sha512', u'diffie-hellman-group14-sha256', u'diffie-hellman-group14-sha1'] server key:[u'ssh-rsa', u'rsa-sha2-512', u'rsa-sha2-256', u'ecdsa-sha2-nistp256', u'ssh-ed25519'] client encrypt:[u'chacha20-poly1305@openssh.com', u'aes128-ctr', u'aes192-ctr', u'aes256-ctr', u'aes128-gcm@openssh.com', u'aes256-gcm@openssh.com'] server encrypt:[u'chacha20-poly1305@openssh.com', u'aes128-ctr', u'aes192-ctr', u'aes256-ctr', u'aes128-gcm@openssh.com', u'aes256-gcm@openssh.com'] client mac:[u'umac-64-etm@openssh.com', u'umac-128-etm@openssh.com', u'hmac-sha2-256-etm@openssh.com', u'hmac-sha2-512-etm@openssh.com', u'hmac-sha1-etm@openssh.com', u'umac-64@openssh.com', u'umac-128@openssh.com', u'hmac-sha2-256', u'hmac-sha2-512', u'hmac-sha1'] server mac:[u'umac-64-etm@openssh.com', u'umac-128-etm@openssh.com', u'hmac-sha2-256-etm@openssh.com', u'hmac-sha2-512-etm@openssh.com', u'hmac-sha1-etm@openssh.com', u'umac-64@openssh.com', u'umac-128@openssh.com', u'hmac-sha2-256', u'hmac-sha2-512', u'hmac-sha1'] client compress:[u'none', u'zlib@openssh.com'] server compress:[u'none', u'zlib@openssh.com'] client lang:[u''] server lang:[u''] kex follows?False
DEB [20200828-18:55:38.596] thr=1   paramiko.transport: Kex agreed: curve25519-sha256@libssh.org
DEB [20200828-18:55:38.597] thr=1   paramiko.transport: HostKey agreed: ssh-ed25519
DEB [20200828-18:55:38.597] thr=1   paramiko.transport: Cipher agreed: aes128-ctr
DEB [20200828-18:55:38.597] thr=1   paramiko.transport: MAC agreed: hmac-sha2-256
DEB [20200828-18:55:38.598] thr=1   paramiko.transport: Compression agreed: none
DEB [20200828-18:55:39.047] thr=1   paramiko.transport: kex engine KexCurve25519 specified hash_algo <built-in function openssl_sha256>
DEB [20200828-18:55:39.049] thr=1   paramiko.transport: Switch to new keys ...
DEB [20200828-18:55:39.063] thr=2   paramiko.transport: Adding ssh-ed25519 host key for [192.168.31.205]:22: f1c8644b679b66554fcb278265440286
DEB [20200828-18:55:39.065] thr=2   paramiko.transport: Trying discovered key 5a60f695a76b948062effc8be6751857 in /home/koushik/.ssh/id_rsa
DEB [20200828-18:55:39.490] thr=1   paramiko.transport: userauth is OK
INF [20200828-18:55:39.716] thr=1   paramiko.transport: Authentication (publickey) successful!
DEB [20200828-18:55:39.738] thr=2   paramiko.transport: [chan 0] Max packet in: 32768 bytes
DEB [20200828-18:55:39.876] thr=1   paramiko.transport: Received global request "hostkeys-00@openssh.com"
DEB [20200828-18:55:39.876] thr=1   paramiko.transport: Rejecting "hostkeys-00@openssh.com" global request from server.
DEB [20200828-18:55:40.879] thr=1   paramiko.transport: [chan 0] Max packet out: 32768 bytes
DEB [20200828-18:55:40.879] thr=1   paramiko.transport: Secsh channel 0 opened.
DEB [20200828-18:55:41.345] thr=1   paramiko.transport: [chan 0] Sesch channel 0 request ok
INF [20200828-18:55:41.795] thr=2   paramiko.transport.sftp: [chan 0] Opened sftp connection (server version 3)
DEB [20200828-18:55:41.798] thr=2   paramiko.transport.sftp: [chan 0] stat('/media/SOUMYA/KOUSHIK/mount/DIAB/NON_ZERO_J/NEW_CODE/JTOT_1//abc.log')
DEB [20200828-18:55:42.253] thr=2   paramiko.transport.sftp: [chan 0] open('/media/SOUMYA/KOUSHIK/mount/DIAB/NON_ZERO_J/NEW_CODE/JTOT_1//abc.log', 'rb')
DEB [20200828-18:55:42.702] thr=2   paramiko.transport.sftp: [chan 0] open('/media/SOUMYA/KOUSHIK/mount/DIAB/NON_ZERO_J/NEW_CODE/JTOT_1//abc.log', 'rb') -> 00000000
DEB [20200828-18:57:06.699] thr=2   paramiko.transport.sftp: [chan 0] close(00000000)
INF [20200828-18:57:06.936] thr=2   paramiko.transport.sftp: [chan 0] sftp session closed.
DEB [20200828-18:57:06.938] thr=2   paramiko.transport: [chan 0] EOF sent (0)
DEB [20200828-18:57:07.033] thr=1   paramiko.transport: EOF in transport thread
