DEB [20200828-18:57:30.626] thr=1   paramiko.transport: starting thread (client mode): 0x71016950L
DEB [20200828-18:57:30.626] thr=1   paramiko.transport: Local version/idstring: SSH-2.0-paramiko_2.7.1
DEB [20200828-18:57:39.724] thr=1   paramiko.transport: Remote version/idstring: SSH-2.0-OpenSSH_7.6p1 Ubuntu-4ubuntu0.3
INF [20200828-18:57:39.725] thr=1   paramiko.transport: Connected (version 2.0, client OpenSSH_7.6p1)
DEB [20200828-18:57:40.040] thr=1   paramiko.transport: kex algos:[u'curve25519-sha256', u'curve25519-sha256@libssh.org', u'ecdh-sha2-nistp256', u'ecdh-sha2-nistp384', u'ecdh-sha2-nistp521', u'diffie-hellman-group-exchange-sha256', u'diffie-hellman-group16-sha512', u'diffie-hellman-group18-sha512', u'diffie-hellman-group14-sha256', u'diffie-hellman-group14-sha1'] server key:[u'ssh-rsa', u'rsa-sha2-512', u'rsa-sha2-256', u'ecdsa-sha2-nistp256', u'ssh-ed25519'] client encrypt:[u'chacha20-poly1305@openssh.com', u'aes128-ctr', u'aes192-ctr', u'aes256-ctr', u'aes128-gcm@openssh.com', u'aes256-gcm@openssh.com'] server encrypt:[u'chacha20-poly1305@openssh.com', u'aes128-ctr', u'aes192-ctr', u'aes256-ctr', u'aes128-gcm@openssh.com', u'aes256-gcm@openssh.com'] client mac:[u'umac-64-etm@openssh.com', u'umac-128-etm@openssh.com', u'hmac-sha2-256-etm@openssh.com', u'hmac-sha2-512-etm@openssh.com', u'hmac-sha1-etm@openssh.com', u'umac-64@openssh.com', u'umac-128@openssh.com', u'hmac-sha2-256', u'hmac-sha2-512', u'hmac-sha1'] server mac:[u'umac-64-etm@openssh.com', u'umac-128-etm@openssh.com', u'hmac-sha2-256-etm@openssh.com', u'hmac-sha2-512-etm@openssh.com', u'hmac-sha1-etm@openssh.com', u'umac-64@openssh.com', u'umac-128@openssh.com', u'hmac-sha2-256', u'hmac-sha2-512', u'hmac-sha1'] client compress:[u'none', u'zlib@openssh.com'] server compress:[u'none', u'zlib@openssh.com'] client lang:[u''] server lang:[u''] kex follows?False
DEB [20200828-18:57:40.042] thr=1   paramiko.transport: Kex agreed: curve25519-sha256@libssh.org
DEB [20200828-18:57:40.043] thr=1   paramiko.transport: HostKey agreed: ssh-ed25519
DEB [20200828-18:57:40.043] thr=1   paramiko.transport: Cipher agreed: aes128-ctr
DEB [20200828-18:57:40.044] thr=1   paramiko.transport: MAC agreed: hmac-sha2-256
DEB [20200828-18:57:40.044] thr=1   paramiko.transport: Compression agreed: none
DEB [20200828-18:57:40.366] thr=1   paramiko.transport: kex engine KexCurve25519 specified hash_algo <built-in function openssl_sha256>
DEB [20200828-18:57:40.368] thr=1   paramiko.transport: Switch to new keys ...
DEB [20200828-18:57:40.400] thr=2   paramiko.transport: Adding ssh-ed25519 host key for [192.168.31.205]:22: f1c8644b679b66554fcb278265440286
DEB [20200828-18:57:40.403] thr=2   paramiko.transport: Trying discovered key 5a60f695a76b948062effc8be6751857 in /home/koushik/.ssh/id_rsa
DEB [20200828-18:57:40.566] thr=1   paramiko.transport: userauth is OK
INF [20200828-18:57:40.699] thr=1   paramiko.transport: Authentication (publickey) successful!
DEB [20200828-18:57:40.706] thr=2   paramiko.transport: [chan 0] Max packet in: 32768 bytes
DEB [20200828-18:57:41.286] thr=1   paramiko.transport: Received global request "hostkeys-00@openssh.com"
DEB [20200828-18:57:41.287] thr=1   paramiko.transport: Rejecting "hostkeys-00@openssh.com" global request from server.
DEB [20200828-18:57:42.326] thr=1   paramiko.transport: [chan 0] Max packet out: 32768 bytes
DEB [20200828-18:57:42.327] thr=1   paramiko.transport: Secsh channel 0 opened.
DEB [20200828-18:57:43.259] thr=1   paramiko.transport: [chan 0] Sesch channel 0 request ok
INF [20200828-18:57:44.374] thr=2   paramiko.transport.sftp: [chan 0] Opened sftp connection (server version 3)
DEB [20200828-18:57:44.376] thr=2   paramiko.transport.sftp: [chan 0] stat('/media/SOUMYA/KOUSHIK/mount/DIAB/NON_ZERO_J/NEW_CODE/JTOT_1//abc.log')
DEB [20200828-18:57:45.304] thr=2   paramiko.transport.sftp: [chan 0] open('/media/SOUMYA/KOUSHIK/mount/DIAB/NON_ZERO_J/NEW_CODE/JTOT_1//abc.log', 'rb')
DEB [20200828-18:57:46.232] thr=2   paramiko.transport.sftp: [chan 0] open('/media/SOUMYA/KOUSHIK/mount/DIAB/NON_ZERO_J/NEW_CODE/JTOT_1//abc.log', 'rb') -> 00000000
DEB [20200828-18:59:11.362] thr=2   paramiko.transport.sftp: [chan 0] close(00000000)
INF [20200828-18:59:12.289] thr=2   paramiko.transport.sftp: [chan 0] sftp session closed.
DEB [20200828-18:59:12.291] thr=2   paramiko.transport: [chan 0] EOF sent (0)
DEB [20200828-18:59:12.901] thr=1   paramiko.transport: [chan 0] EOF received (0)
DEB [20200828-18:59:15.419] thr=3   paramiko.transport: starting thread (client mode): 0x71033f50L
DEB [20200828-18:59:15.420] thr=3   paramiko.transport: Local version/idstring: SSH-2.0-paramiko_2.7.1
DEB [20200828-18:59:22.464] thr=3   paramiko.transport: Remote version/idstring: SSH-2.0-OpenSSH_7.6p1 Ubuntu-4ubuntu0.3
INF [20200828-18:59:22.465] thr=3   paramiko.transport: Connected (version 2.0, client OpenSSH_7.6p1)
DEB [20200828-18:59:23.174] thr=3   paramiko.transport: kex algos:[u'curve25519-sha256', u'curve25519-sha256@libssh.org', u'ecdh-sha2-nistp256', u'ecdh-sha2-nistp384', u'ecdh-sha2-nistp521', u'diffie-hellman-group-exchange-sha256', u'diffie-hellman-group16-sha512', u'diffie-hellman-group18-sha512', u'diffie-hellman-group14-sha256', u'diffie-hellman-group14-sha1'] server key:[u'ssh-rsa', u'rsa-sha2-512', u'rsa-sha2-256', u'ecdsa-sha2-nistp256', u'ssh-ed25519'] client encrypt:[u'chacha20-poly1305@openssh.com', u'aes128-ctr', u'aes192-ctr', u'aes256-ctr', u'aes128-gcm@openssh.com', u'aes256-gcm@openssh.com'] server encrypt:[u'chacha20-poly1305@openssh.com', u'aes128-ctr', u'aes192-ctr', u'aes256-ctr', u'aes128-gcm@openssh.com', u'aes256-gcm@openssh.com'] client mac:[u'umac-64-etm@openssh.com', u'umac-128-etm@openssh.com', u'hmac-sha2-256-etm@openssh.com', u'hmac-sha2-512-etm@openssh.com', u'hmac-sha1-etm@openssh.com', u'umac-64@openssh.com', u'umac-128@openssh.com', u'hmac-sha2-256', u'hmac-sha2-512', u'hmac-sha1'] server mac:[u'umac-64-etm@openssh.com', u'umac-128-etm@openssh.com', u'hmac-sha2-256-etm@openssh.com', u'hmac-sha2-512-etm@openssh.com', u'hmac-sha1-etm@openssh.com', u'umac-64@openssh.com', u'umac-128@openssh.com', u'hmac-sha2-256', u'hmac-sha2-512', u'hmac-sha1'] client compress:[u'none', u'zlib@openssh.com'] server compress:[u'none', u'zlib@openssh.com'] client lang:[u''] server lang:[u''] kex follows?False
DEB [20200828-18:59:23.175] thr=3   paramiko.transport: Kex agreed: curve25519-sha256@libssh.org
DEB [20200828-18:59:23.175] thr=3   paramiko.transport: HostKey agreed: ssh-ed25519
DEB [20200828-18:59:23.176] thr=3   paramiko.transport: Cipher agreed: aes128-ctr
DEB [20200828-18:59:23.176] thr=3   paramiko.transport: MAC agreed: hmac-sha2-256
DEB [20200828-18:59:23.176] thr=3   paramiko.transport: Compression agreed: none
DEB [20200828-18:59:23.888] thr=3   paramiko.transport: kex engine KexCurve25519 specified hash_algo <built-in function openssl_sha256>
DEB [20200828-18:59:23.889] thr=3   paramiko.transport: Switch to new keys ...
DEB [20200828-18:59:23.904] thr=2   paramiko.transport: Trying discovered key 5a60f695a76b948062effc8be6751857 in /home/koushik/.ssh/id_rsa
DEB [20200828-18:59:24.595] thr=3   paramiko.transport: userauth is OK
INF [20200828-18:59:24.922] thr=3   paramiko.transport: Authentication (publickey) successful!
DEB [20200828-18:59:24.930] thr=2   paramiko.transport: [chan 0] Max packet in: 32768 bytes
DEB [20200828-18:59:25.135] thr=3   paramiko.transport: Received global request "hostkeys-00@openssh.com"
DEB [20200828-18:59:25.136] thr=3   paramiko.transport: Rejecting "hostkeys-00@openssh.com" global request from server.
DEB [20200828-18:59:25.307] thr=3   paramiko.transport: [chan 0] Max packet out: 32768 bytes
DEB [20200828-18:59:25.308] thr=3   paramiko.transport: Secsh channel 0 opened.
DEB [20200828-18:59:26.030] thr=3   paramiko.transport: [chan 0] Sesch channel 0 request ok
INF [20200828-18:59:26.706] thr=2   paramiko.transport.sftp: [chan 0] Opened sftp connection (server version 3)
DEB [20200828-18:59:26.708] thr=2   paramiko.transport.sftp: [chan 0] stat('/media/SOUMYA/KOUSHIK/mount/DIAB/NON_ZERO_J/NEW_CODE/JTOT_2//abc.log')
DEB [20200828-18:59:27.250] thr=2   paramiko.transport.sftp: [chan 0] open('/media/SOUMYA/KOUSHIK/mount/DIAB/NON_ZERO_J/NEW_CODE/JTOT_2//abc.log', 'rb')
DEB [20200828-18:59:27.496] thr=2   paramiko.transport.sftp: [chan 0] open('/media/SOUMYA/KOUSHIK/mount/DIAB/NON_ZERO_J/NEW_CODE/JTOT_2//abc.log', 'rb') -> 00000000
DEB [20200828-19:00:45.813] thr=2   paramiko.transport.sftp: [chan 0] close(00000000)
INF [20200828-19:00:46.503] thr=2   paramiko.transport.sftp: [chan 0] sftp session closed.
DEB [20200828-19:00:46.504] thr=2   paramiko.transport: [chan 0] EOF sent (0)
DEB [20200828-19:00:47.189] thr=3   paramiko.transport: [chan 0] EOF received (0)
DEB [20200828-19:00:49.605] thr=4   paramiko.transport: starting thread (client mode): 0x71016910L
DEB [20200828-19:00:49.606] thr=4   paramiko.transport: Local version/idstring: SSH-2.0-paramiko_2.7.1
DEB [20200828-19:01:00.696] thr=4   paramiko.transport: Remote version/idstring: SSH-2.0-OpenSSH_7.6p1 Ubuntu-4ubuntu0.3
INF [20200828-19:01:00.698] thr=4   paramiko.transport: Connected (version 2.0, client OpenSSH_7.6p1)
DEB [20200828-19:01:01.572] thr=4   paramiko.transport: kex algos:[u'curve25519-sha256', u'curve25519-sha256@libssh.org', u'ecdh-sha2-nistp256', u'ecdh-sha2-nistp384', u'ecdh-sha2-nistp521', u'diffie-hellman-group-exchange-sha256', u'diffie-hellman-group16-sha512', u'diffie-hellman-group18-sha512', u'diffie-hellman-group14-sha256', u'diffie-hellman-group14-sha1'] server key:[u'ssh-rsa', u'rsa-sha2-512', u'rsa-sha2-256', u'ecdsa-sha2-nistp256', u'ssh-ed25519'] client encrypt:[u'chacha20-poly1305@openssh.com', u'aes128-ctr', u'aes192-ctr', u'aes256-ctr', u'aes128-gcm@openssh.com', u'aes256-gcm@openssh.com'] server encrypt:[u'chacha20-poly1305@openssh.com', u'aes128-ctr', u'aes192-ctr', u'aes256-ctr', u'aes128-gcm@openssh.com', u'aes256-gcm@openssh.com'] client mac:[u'umac-64-etm@openssh.com', u'umac-128-etm@openssh.com', u'hmac-sha2-256-etm@openssh.com', u'hmac-sha2-512-etm@openssh.com', u'hmac-sha1-etm@openssh.com', u'umac-64@openssh.com', u'umac-128@openssh.com', u'hmac-sha2-256', u'hmac-sha2-512', u'hmac-sha1'] server mac:[u'umac-64-etm@openssh.com', u'umac-128-etm@openssh.com', u'hmac-sha2-256-etm@openssh.com', u'hmac-sha2-512-etm@openssh.com', u'hmac-sha1-etm@openssh.com', u'umac-64@openssh.com', u'umac-128@openssh.com', u'hmac-sha2-256', u'hmac-sha2-512', u'hmac-sha1'] client compress:[u'none', u'zlib@openssh.com'] server compress:[u'none', u'zlib@openssh.com'] client lang:[u''] server lang:[u''] kex follows?False
DEB [20200828-19:01:01.573] thr=4   paramiko.transport: Kex agreed: curve25519-sha256@libssh.org
DEB [20200828-19:01:01.573] thr=4   paramiko.transport: HostKey agreed: ssh-ed25519
DEB [20200828-19:01:01.573] thr=4   paramiko.transport: Cipher agreed: aes128-ctr
DEB [20200828-19:01:01.574] thr=4   paramiko.transport: MAC agreed: hmac-sha2-256
DEB [20200828-19:01:01.574] thr=4   paramiko.transport: Compression agreed: none
DEB [20200828-19:01:01.836] thr=4   paramiko.transport: kex engine KexCurve25519 specified hash_algo <built-in function openssl_sha256>
DEB [20200828-19:01:01.837] thr=4   paramiko.transport: Switch to new keys ...
DEB [20200828-19:01:01.847] thr=2   paramiko.transport: Trying discovered key 5a60f695a76b948062effc8be6751857 in /home/koushik/.ssh/id_rsa
DEB [20200828-19:01:02.056] thr=4   paramiko.transport: userauth is OK
INF [20200828-19:01:02.525] thr=4   paramiko.transport: Authentication (publickey) successful!
DEB [20200828-19:01:02.559] thr=2   paramiko.transport: [chan 0] Max packet in: 32768 bytes
DEB [20200828-19:01:02.687] thr=4   paramiko.transport: Received global request "hostkeys-00@openssh.com"
DEB [20200828-19:01:02.687] thr=4   paramiko.transport: Rejecting "hostkeys-00@openssh.com" global request from server.
DEB [20200828-19:01:03.602] thr=4   paramiko.transport: [chan 0] Max packet out: 32768 bytes
DEB [20200828-19:01:03.603] thr=4   paramiko.transport: Secsh channel 0 opened.
DEB [20200828-19:01:04.355] thr=4   paramiko.transport: [chan 0] Sesch channel 0 request ok
INF [20200828-19:01:05.137] thr=2   paramiko.transport.sftp: [chan 0] Opened sftp connection (server version 3)
DEB [20200828-19:01:05.171] thr=2   paramiko.transport.sftp: [chan 0] stat('/media/SOUMYA/KOUSHIK/mount/DIAB/NON_ZERO_J/NEW_CODE/JTOT_3//abc.log')
DEB [20200828-19:01:05.894] thr=2   paramiko.transport.sftp: [chan 0] open('/media/SOUMYA/KOUSHIK/mount/DIAB/NON_ZERO_J/NEW_CODE/JTOT_3//abc.log', 'rb')
DEB [20200828-19:01:06.305] thr=2   paramiko.transport.sftp: [chan 0] open('/media/SOUMYA/KOUSHIK/mount/DIAB/NON_ZERO_J/NEW_CODE/JTOT_3//abc.log', 'rb') -> 00000000
DEB [20200828-19:02:15.528] thr=2   paramiko.transport.sftp: [chan 0] close(00000000)
INF [20200828-19:02:17.786] thr=2   paramiko.transport.sftp: [chan 0] sftp session closed.
DEB [20200828-19:02:17.787] thr=2   paramiko.transport: [chan 0] EOF sent (0)
DEB [20200828-19:02:20.052] thr=4   paramiko.transport: [chan 0] EOF received (0)
DEB [20200828-19:02:21.293] thr=1   paramiko.transport: EOF in transport thread
DEB [20200828-19:02:21.347] thr=4   paramiko.transport: EOF in transport thread
DEB [20200828-19:06:12.607] thr=1   paramiko.transport: starting thread (client mode): 0xd86b6950L
DEB [20200828-19:06:12.609] thr=1   paramiko.transport: Local version/idstring: SSH-2.0-paramiko_2.7.1
DEB [20200828-19:06:20.695] thr=1   paramiko.transport: Remote version/idstring: SSH-2.0-OpenSSH_7.6p1 Ubuntu-4ubuntu0.3
INF [20200828-19:06:20.695] thr=1   paramiko.transport: Connected (version 2.0, client OpenSSH_7.6p1)
DEB [20200828-19:06:21.618] thr=1   paramiko.transport: kex algos:[u'curve25519-sha256', u'curve25519-sha256@libssh.org', u'ecdh-sha2-nistp256', u'ecdh-sha2-nistp384', u'ecdh-sha2-nistp521', u'diffie-hellman-group-exchange-sha256', u'diffie-hellman-group16-sha512', u'diffie-hellman-group18-sha512', u'diffie-hellman-group14-sha256', u'diffie-hellman-group14-sha1'] server key:[u'ssh-rsa', u'rsa-sha2-512', u'rsa-sha2-256', u'ecdsa-sha2-nistp256', u'ssh-ed25519'] client encrypt:[u'chacha20-poly1305@openssh.com', u'aes128-ctr', u'aes192-ctr', u'aes256-ctr', u'aes128-gcm@openssh.com', u'aes256-gcm@openssh.com'] server encrypt:[u'chacha20-poly1305@openssh.com', u'aes128-ctr', u'aes192-ctr', u'aes256-ctr', u'aes128-gcm@openssh.com', u'aes256-gcm@openssh.com'] client mac:[u'umac-64-etm@openssh.com', u'umac-128-etm@openssh.com', u'hmac-sha2-256-etm@openssh.com', u'hmac-sha2-512-etm@openssh.com', u'hmac-sha1-etm@openssh.com', u'umac-64@openssh.com', u'umac-128@openssh.com', u'hmac-sha2-256', u'hmac-sha2-512', u'hmac-sha1'] server mac:[u'umac-64-etm@openssh.com', u'umac-128-etm@openssh.com', u'hmac-sha2-256-etm@openssh.com', u'hmac-sha2-512-etm@openssh.com', u'hmac-sha1-etm@openssh.com', u'umac-64@openssh.com', u'umac-128@openssh.com', u'hmac-sha2-256', u'hmac-sha2-512', u'hmac-sha1'] client compress:[u'none', u'zlib@openssh.com'] server compress:[u'none', u'zlib@openssh.com'] client lang:[u''] server lang:[u''] kex follows?False
DEB [20200828-19:06:21.620] thr=1   paramiko.transport: Kex agreed: curve25519-sha256@libssh.org
DEB [20200828-19:06:21.621] thr=1   paramiko.transport: HostKey agreed: ssh-ed25519
DEB [20200828-19:06:21.622] thr=1   paramiko.transport: Cipher agreed: aes128-ctr
DEB [20200828-19:06:21.623] thr=1   paramiko.transport: MAC agreed: hmac-sha2-256
DEB [20200828-19:06:21.624] thr=1   paramiko.transport: Compression agreed: none
DEB [20200828-19:06:22.046] thr=1   paramiko.transport: kex engine KexCurve25519 specified hash_algo <built-in function openssl_sha256>
DEB [20200828-19:06:22.052] thr=1   paramiko.transport: Switch to new keys ...
DEB [20200828-19:06:22.066] thr=2   paramiko.transport: Adding ssh-ed25519 host key for [192.168.31.205]:22: f1c8644b679b66554fcb278265440286
DEB [20200828-19:06:22.070] thr=2   paramiko.transport: Trying discovered key 5a60f695a76b948062effc8be6751857 in /home/koushik/.ssh/id_rsa
DEB [20200828-19:06:22.948] thr=1   paramiko.transport: userauth is OK
INF [20200828-19:06:23.708] thr=1   paramiko.transport: Authentication (publickey) successful!
DEB [20200828-19:06:23.716] thr=2   paramiko.transport: [chan 0] Max packet in: 32768 bytes
DEB [20200828-19:06:24.670] thr=1   paramiko.transport: Received global request "hostkeys-00@openssh.com"
DEB [20200828-19:06:24.671] thr=1   paramiko.transport: Rejecting "hostkeys-00@openssh.com" global request from server.
DEB [20200828-19:06:24.852] thr=1   paramiko.transport: [chan 0] Max packet out: 32768 bytes
DEB [20200828-19:06:24.852] thr=1   paramiko.transport: Secsh channel 0 opened.
DEB [20200828-19:06:25.825] thr=1   paramiko.transport: [chan 0] Sesch channel 0 request ok
INF [20200828-19:06:26.599] thr=2   paramiko.transport.sftp: [chan 0] Opened sftp connection (server version 3)
DEB [20200828-19:06:26.601] thr=2   paramiko.transport.sftp: [chan 0] stat('/media/SOUMYA/KOUSHIK/mount/DIAB/NON_ZERO_J/NEW_CODE/JTOT_3//abc.log')
DEB [20200828-19:06:27.100] thr=2   paramiko.transport.sftp: [chan 0] open('/media/SOUMYA/KOUSHIK/mount/DIAB/NON_ZERO_J/NEW_CODE/JTOT_3//abc.log', 'rb')
DEB [20200828-19:06:27.769] thr=2   paramiko.transport.sftp: [chan 0] open('/media/SOUMYA/KOUSHIK/mount/DIAB/NON_ZERO_J/NEW_CODE/JTOT_3//abc.log', 'rb') -> 00000000
DEB [20200828-19:07:47.088] thr=2   paramiko.transport.sftp: [chan 0] close(00000000)
INF [20200828-19:07:49.871] thr=2   paramiko.transport.sftp: [chan 0] sftp session closed.
DEB [20200828-19:07:49.872] thr=2   paramiko.transport: [chan 0] EOF sent (0)
DEB [20200828-19:07:52.644] thr=1   paramiko.transport: [chan 0] EOF received (0)
DEB [20200828-19:07:52.872] thr=3   paramiko.transport: starting thread (client mode): 0xd86d3f90L
DEB [20200828-19:07:52.873] thr=3   paramiko.transport: Local version/idstring: SSH-2.0-paramiko_2.7.1
ERR [20200828-19:08:07.967] thr=3   paramiko.transport: Exception: Error reading SSH protocol banner
ERR [20200828-19:08:07.973] thr=3   paramiko.transport: Traceback (most recent call last):
ERR [20200828-19:08:07.973] thr=3   paramiko.transport:   File "/home/koushik/.local/lib/python2.7/site-packages/paramiko/transport.py", line 2039, in run
ERR [20200828-19:08:07.973] thr=3   paramiko.transport:     self._check_banner()
ERR [20200828-19:08:07.973] thr=3   paramiko.transport:   File "/home/koushik/.local/lib/python2.7/site-packages/paramiko/transport.py", line 2216, in _check_banner
ERR [20200828-19:08:07.973] thr=3   paramiko.transport:     "Error reading SSH protocol banner" + str(e)
ERR [20200828-19:08:07.973] thr=3   paramiko.transport: SSHException: Error reading SSH protocol banner
ERR [20200828-19:08:07.974] thr=3   paramiko.transport: 
DEB [20200828-19:08:07.989] thr=1   paramiko.transport: EOF in transport thread
